<?xml version="1.0" encoding="UTF-8"?>
<!-- Generated by org.testng.reporters.JUnitReportReporter -->
<testsuite hostname="LAPTOP-N926GS71" failures="0" tests="2" name="com.testcase.SignUpPageTest" time="9.394" errors="0" timestamp="2022-07-16T22:08:18 IST" skipped="0">
  <testcase classname="com.testcase.SignUpPageTest" name="signUpPageTitleTest" time="4.567"/>
  <system-out/>
  <testcase classname="com.testcase.SignUpPageTest" name="SignUpTest" time="4.827"/>
  <system-out/>
</testsuite> <!-- com.testcase.SignUpPageTest -->
