<?xml version="1.0" encoding="UTF-8"?>
<!-- Generated by org.testng.reporters.JUnitReportReporter -->
<testsuite hostname="LAPTOP-N926GS71" failures="0" tests="7" name="com.testcase.FindFriendsTest" time="135.774" errors="0" timestamp="2022-07-16T22:08:18 IST" skipped="0">
  <testcase classname="com.testcase.FindFriendsTest" name="verifyFindFriendsTitleTest" time="10.593"/>
  <system-out/>
  <testcase classname="com.testcase.FindFriendsTest" name="verifyFriendRequestLink" time="32.514"/>
  <system-out/>
  <testcase classname="com.testcase.FindFriendsTest" name="verifySuggestionsLink" time="12.480"/>
  <system-out/>
  <testcase classname="com.testcase.FindFriendsTest" name="verifyBirthdaysLink" time="28.357"/>
  <system-out/>
  <testcase classname="com.testcase.FindFriendsTest" name="verifyCustomsLink" time="13.647"/>
  <system-out/>
  <testcase classname="com.testcase.FindFriendsTest" name="add_friend" time="15.035"/>
  <system-out/>
  <testcase classname="com.testcase.FindFriendsTest" name="confirm_friend" time="23.148"/>
  <system-out/>
</testsuite> <!-- com.testcase.FindFriendsTest -->
