<?xml version="1.0" encoding="UTF-8"?>
<!-- Generated by org.testng.reporters.JUnitReportReporter -->
<testsuite hostname="LAPTOP-N926GS71" failures="0" tests="6" name="com.testcase.LoginPageTest" time="30.575" errors="0" timestamp="2022-07-18T14:32:51 IST" skipped="0">
  <testcase classname="com.testcase.LoginPageTest" name="multipleLoginTest" time="6.502"/>
  <system-out/>
  <testcase classname="com.testcase.LoginPageTest" name="multipleLoginTest" time="8.470"/>
  <system-out/>
  <testcase classname="com.testcase.LoginPageTest" name="multipleLoginTest" time="6.265"/>
  <system-out/>
  <testcase classname="com.testcase.LoginPageTest" name="loginPageTitleTest" time="2.987"/>
  <system-out/>
  <testcase classname="com.testcase.LoginPageTest" name="faceBookLogoImageTest" time="2.917"/>
  <system-out/>
  <testcase classname="com.testcase.LoginPageTest" name="loginTest" time="3.434"/>
  <system-out/>
</testsuite> <!-- com.testcase.LoginPageTest -->
