<?xml version="1.0" encoding="UTF-8"?>
<!-- Generated by org.testng.reporters.JUnitReportReporter -->
<testsuite hostname="LAPTOP-N926GS71" failures="0" tests="2" name="com.testcase.SignUpPageTest" time="7.302" errors="0" timestamp="2022-07-18T14:32:52 IST" skipped="0">
  <testcase classname="com.testcase.SignUpPageTest" name="signUpPageTitleTest" time="2.883"/>
  <system-out/>
  <testcase classname="com.testcase.SignUpPageTest" name="SignUpTest" time="4.419"/>
  <system-out/>
</testsuite> <!-- com.testcase.SignUpPageTest -->
