<?xml version="1.0" encoding="UTF-8"?>
<!-- Generated by org.testng.reporters.JUnitReportReporter -->
<testsuite hostname="LAPTOP-N926GS71" failures="0" tests="3" name="com.testcase.ProfilePageTest" time="47.162" errors="0" timestamp="2022-07-16T22:08:18 IST" skipped="0">
  <testcase classname="com.testcase.ProfilePageTest" name="click_profilePage" time="11.679"/>
  <system-out/>
  <testcase classname="com.testcase.ProfilePageTest" name="verifyProfile" time="9.747"/>
  <system-out/>
  <testcase classname="com.testcase.ProfilePageTest" name="click_uploadPhoto" time="25.736"/>
  <system-out/>
</testsuite> <!-- com.testcase.ProfilePageTest -->
