<?xml version="1.0" encoding="UTF-8"?>
<!-- Generated by org.testng.reporters.JUnitReportReporter -->
<testsuite hostname="LAPTOP-N926GS71" failures="0" tests="3" name="com.testcase.LoginPageTest" time="12.511" errors="0" timestamp="2022-07-16T22:08:18 IST" skipped="0">
  <testcase classname="com.testcase.LoginPageTest" name="loginPageTitleTest" time="3.240"/>
  <system-out/>
  <testcase classname="com.testcase.LoginPageTest" name="faceBookLogoImageTest" time="2.817"/>
  <system-out/>
  <testcase classname="com.testcase.LoginPageTest" name="loginTest" time="6.454"/>
  <system-out/>
</testsuite> <!-- com.testcase.LoginPageTest -->
