<?xml version="1.0" encoding="UTF-8"?>
<!-- Generated by org.testng.reporters.JUnitReportReporter -->
<testsuite hostname="LAPTOP-N926GS71" failures="0" tests="1" name="com.testcase.LoginPageTest" time="6.882" errors="0" timestamp="2022-07-19T08:59:35 IST" skipped="0">
  <testcase classname="com.testcase.LoginPageTest" name="loginTest" time="6.882"/>
  <system-out/>
</testsuite> <!-- com.testcase.LoginPageTest -->
