<?xml version="1.0" encoding="UTF-8"?>
<!-- Generated by org.testng.reporters.JUnitReportReporter -->
<testsuite hostname="LAPTOP-N926GS71" failures="0" tests="1" name="com.testcase.HomePageTest" time="17.405" errors="0" timestamp="2022-07-18T12:01:59 IST" skipped="0">
  <testcase classname="com.testcase.HomePageTest" name="HomePageTitleTest" time="17.405"/>
  <system-out/>
</testsuite> <!-- com.testcase.HomePageTest -->
